0000 : printFlt:
0001 : printStr:
0002 : readFlt:
0003 : sum:
0004 : t0 = 3
0005 : t1 = 3
0006 : t2 = 0
0007 : t3 = (double)t2
0008 : s = t3
0009 : t4 = 3
0010 : t5 = 3
0011 : t6 = 1.1
0012 : t7 = 2.2
0013 : t8 = 3.3
0014 : t9 = 4.5
0015 : t10 = 5.6
0016 : t11 = 6.7
0017 : t12 = 4.8
0018 : t13 = 6.9
0019 : t14 = 5.7
0020 : m[0] = t6
0021 : m[1] = t7
0022 : m[2] = t8
0023 : m[3] = t9
0024 : m[4] = t10
0025 : m[5] = t11
0026 : m[6] = t12
0027 : m[7] = t13
0028 : m[8] = t14
0029 : t15 =m.'
0030 : m = t15
0031 : param .msg0
0032 : t16 = call printStr,1
0033 : x = t16
0034 : t17 = 0
0035 : p = t17
0036 : t18 = 3
0037 : if p<t18 goto 43
0038 : goto 69
0039 : goto 69
0040 : t19 = p
0041 : p = p+1
0042 : goto 36
0043 : t20 = 0
0044 : q = t20
0045 : t21 = 3
0046 : if q<t21 goto 52
0047 : goto 65
0048 : goto 65
0049 : t22 = q
0050 : q = q+1
0051 : goto 45
0052 : t23 = m[4]
0053 : t23 = p*t23
0054 : t23 = t23+q
0055 : t23 = t23*8
0056 : t23 = t23+8
0057 : t24 = m[t23]
0058 : param t24
0059 : t25 = call printFlt,1
0060 : x = t25
0061 : param .msg1
0062 : t26 = call printStr,1
0063 : x = t26
0064 : goto 49
0065 : param .msg2
0066 : t27 = call printStr,1
0067 : x = t27
0068 : goto 40
0069 : t28 = m+mat
0070 : m = t28
0071 : t29 = 0
0072 : i = t29
0073 : t30 = 3
0074 : if i<t30 goto 80
0075 : goto 99
0076 : goto 99
0077 : t31 = i
0078 : i = i+1
0079 : goto 73
0080 : t32 = 0
0081 : j = t32
0082 : t33 = 3
0083 : if j<t33 goto 89
0084 : goto 77
0085 : goto 98
0086 : t34 = j
0087 : j = j+1
0088 : goto 82
0089 : t35 = m[4]
0090 : t35 = i*t35
0091 : t35 = t35+j
0092 : t35 = t35*8
0093 : t35 = t35+8
0094 : t36 = m[t35]
0095 : t37 = s+t36
0096 : s = t37
0097 : goto 86
0098 : goto 77
0099 : return s
0100 : diffsum:
0101 : t38 = 3
0102 : t39 = 3
0103 : t40 = 0
0104 : t41 = (double)t40
0105 : s = t41
0106 : t42 = 3
0107 : t43 = 3
0108 : t44 = 1.1
0109 : t45 = 2.2
0110 : t46 = 3.3
0111 : t47 = 4.5
0112 : t48 = 5.6
0113 : t49 = 6.7
0114 : t50 = 4.8
0115 : t51 = 6.9
0116 : t52 = 5.7
0117 : m[0] = t44
0118 : m[1] = t45
0119 : m[2] = t46
0120 : m[3] = t47
0121 : m[4] = t48
0122 : m[5] = t49
0123 : m[6] = t50
0124 : m[7] = t51
0125 : m[8] = t52
0126 : param .msg3
0127 : t53 = call printStr,1
0128 : x = t53
0129 : t54 = 0
0130 : p = t54
0131 : t55 = 3
0132 : if p<t55 goto 138
0133 : goto 164
0134 : goto 164
0135 : t56 = p
0136 : p = p+1
0137 : goto 131
0138 : t57 = 0
0139 : q = t57
0140 : t58 = 3
0141 : if q<t58 goto 147
0142 : goto 160
0143 : goto 160
0144 : t59 = q
0145 : q = q+1
0146 : goto 140
0147 : t60 = m[4]
0148 : t60 = p*t60
0149 : t60 = t60+q
0150 : t60 = t60*8
0151 : t60 = t60+8
0152 : t61 = m[t60]
0153 : param t61
0154 : t62 = call printFlt,1
0155 : x = t62
0156 : param .msg1
0157 : t63 = call printStr,1
0158 : x = t63
0159 : goto 144
0160 : param .msg2
0161 : t64 = call printStr,1
0162 : x = t64
0163 : goto 135
0164 : t65 = m-mat
0165 : m = t65
0166 : t66 = 0
0167 : i = t66
0168 : t67 = 3
0169 : if i<t67 goto 175
0170 : goto 194
0171 : goto 194
0172 : t68 = i
0173 : i = i+1
0174 : goto 168
0175 : t69 = 0
0176 : j = t69
0177 : t70 = 3
0178 : if j<t70 goto 184
0179 : goto 172
0180 : goto 193
0181 : t71 = j
0182 : j = j+1
0183 : goto 177
0184 : t72 = m[4]
0185 : t72 = i*t72
0186 : t72 = t72+j
0187 : t72 = t72*8
0188 : t72 = t72+8
0189 : t73 = m[t72]
0190 : t74 = s+t73
0191 : s = t74
0192 : goto 181
0193 : goto 172
0194 : return s
0195 : negate:
0196 : t75 = 3
0197 : t76 = 3
0198 : t77 = 3
0199 : t78 = 3
0200 : t79 = -mat
0201 : m = t79
0202 : param .msg4
0203 : t80 = call printStr,1
0204 : x = t80
0205 : t81 = 0
0206 : p = t81
0207 : t82 = 3
0208 : if p<t82 goto 214
0209 : goto 240
0210 : goto 240
0211 : t83 = p
0212 : p = p+1
0213 : goto 207
0214 : t84 = 0
0215 : q = t84
0216 : t85 = 3
0217 : if q<t85 goto 223
0218 : goto 236
0219 : goto 236
0220 : t86 = q
0221 : q = q+1
0222 : goto 216
0223 : t87 = m[4]
0224 : t87 = p*t87
0225 : t87 = t87+q
0226 : t87 = t87*8
0227 : t87 = t87+8
0228 : t88 = m[t87]
0229 : param t88
0230 : t89 = call printFlt,1
0231 : x = t89
0232 : param .msg1
0233 : t90 = call printStr,1
0234 : x = t90
0235 : goto 220
0236 : param .msg2
0237 : t91 = call printStr,1
0238 : x = t91
0239 : goto 211
0240 : return m
0241 : main:
0242 : t92 = 3
0243 : t93 = 3
0244 : param .msg5
0245 : t94 = call printStr,1
0246 : i = t94
0247 : t95 = 0
0248 : p = t95
0249 : t96 = 3
0250 : if p<t96 goto 256
0251 : goto 277
0252 : goto 277
0253 : t97 = p
0254 : p = p+1
0255 : goto 249
0256 : t98 = 0
0257 : q = t98
0258 : t99 = 3
0259 : if q<t99 goto 265
0260 : goto 253
0261 : goto 276
0262 : t100 = q
0263 : q = q+1
0264 : goto 258
0265 : t101 = mat[4]
0266 : t101 = p*t101
0267 : t101 = t101+q
0268 : t101 = t101*8
0269 : t101 = t101+8
0270 : t102 = &addr(mat)
0271 : t102 = t102+t101
0272 : param t102
0273 : t103 = call readFlt,1
0274 : i = t103
0275 : goto 262
0276 : goto 253
0277 : param .msg6
0278 : t104 = call printStr,1
0279 : i = t104
0280 : t105 = 0
0281 : p = t105
0282 : t106 = 3
0283 : if p<t106 goto 289
0284 : goto 315
0285 : goto 315
0286 : t107 = p
0287 : p = p+1
0288 : goto 282
0289 : t108 = 0
0290 : q = t108
0291 : t109 = 3
0292 : if q<t109 goto 298
0293 : goto 311
0294 : goto 311
0295 : t110 = q
0296 : q = q+1
0297 : goto 291
0298 : t111 = mat[4]
0299 : t111 = p*t111
0300 : t111 = t111+q
0301 : t111 = t111*8
0302 : t111 = t111+8
0303 : t112 = mat[t111]
0304 : param t112
0305 : t113 = call printFlt,1
0306 : i = t113
0307 : param .msg1
0308 : t114 = call printStr,1
0309 : i = t114
0310 : goto 295
0311 : param .msg2
0312 : t115 = call printStr,1
0313 : i = t115
0314 : goto 286
0315 : t116 = 10
0316 : a = t116
0317 : t117 = 9
0318 : b = t117
0319 : param .msg7
0320 : t118 = call printStr,1
0321 : i = t118
0322 : param mat
0323 : t119 = call sum,1
0324 : c = t119
0325 : param .msg8
0326 : t120 = call printStr,1
0327 : i = t120
0328 : param c
0329 : t121 = call printFlt,1
0330 : i = t121
0331 : param .msg9
0332 : t122 = call printStr,1
0333 : i = t122
0334 : param .msg10
0335 : t123 = call printStr,1
0336 : i = t123
0337 : param mat
0338 : t124 = call diffsum,1
0339 : c = t124
0340 : param .msg11
0341 : t125 = call printStr,1
0342 : i = t125
0343 : param c
0344 : t126 = call printFlt,1
0345 : i = t126
0346 : param .msg9
0347 : t127 = call printStr,1
0348 : i = t127
0349 : param .msg12
0350 : t128 = call printStr,1
0351 : i = t128
0352 : param mat
0353 : t129 = call negate,1
0354 : mat = t129
0355 : param .msg2
0356 : t130 = call printStr,1
0357 : i = t130
0358 : param .msg13
0359 : t131 = call printStr,1
0360 : i = t131
0361 : param mat
0362 : t132 = call sum,1
0363 : c = t132
0364 : param .msg8
0365 : t133 = call printStr,1
0366 : i = t133
0367 : param c
0368 : t134 = call printFlt,1
0369 : i = t134
0370 : param .msg2
0371 : t135 = call printStr,1
0372 : i = t135
0373 : t136 = 0
0374 : return t136
